[0.326s] Invoking command in '/home/pavlo/g06_prii3_ws/src/g06_prii3_turtlesim': PYTHONPATH=/home/pavlo/g06_prii3_ws/build/g06_prii3_turtlesim/prefix_override:/usr/lib/python3/dist-packages/colcon_core/task/python/colcon_distutils_commands:/home/pavlo/g06_prii3_ws/install/g06_prii3_turtlesim/lib/python3.8/site-packages: /usr/bin/python3 -W ignore:setup.py install is deprecated -W ignore:easy_install command is deprecated setup.py egg_info --egg-base ../../build/g06_prii3_turtlesim build --build-base /home/pavlo/g06_prii3_ws/build/g06_prii3_turtlesim/build install --record /home/pavlo/g06_prii3_ws/build/g06_prii3_turtlesim/install.log --install-scripts $base/lib/g06_prii3_turtlesim --single-version-externally-managed install_data
[0.436s] running egg_info
[0.436s] creating ../../build/g06_prii3_turtlesim/g06_prii3_turtlesim.egg-info
[0.436s] writing ../../build/g06_prii3_turtlesim/g06_prii3_turtlesim.egg-info/PKG-INFO
[0.436s] writing dependency_links to ../../build/g06_prii3_turtlesim/g06_prii3_turtlesim.egg-info/dependency_links.txt
[0.436s] writing entry points to ../../build/g06_prii3_turtlesim/g06_prii3_turtlesim.egg-info/entry_points.txt
[0.436s] writing requirements to ../../build/g06_prii3_turtlesim/g06_prii3_turtlesim.egg-info/requires.txt
[0.436s] writing top-level names to ../../build/g06_prii3_turtlesim/g06_prii3_turtlesim.egg-info/top_level.txt
[0.437s] writing manifest file '../../build/g06_prii3_turtlesim/g06_prii3_turtlesim.egg-info/SOURCES.txt'
[0.457s] reading manifest file '../../build/g06_prii3_turtlesim/g06_prii3_turtlesim.egg-info/SOURCES.txt'
[0.457s] writing manifest file '../../build/g06_prii3_turtlesim/g06_prii3_turtlesim.egg-info/SOURCES.txt'
[0.457s] running build
[0.457s] running build_py
[0.457s] creating /home/pavlo/g06_prii3_ws/build/g06_prii3_turtlesim/build
[0.457s] creating /home/pavlo/g06_prii3_ws/build/g06_prii3_turtlesim/build/lib
[0.457s] creating /home/pavlo/g06_prii3_ws/build/g06_prii3_turtlesim/build/lib/g06_prii3_turtlesim
[0.457s] copying g06_prii3_turtlesim/turtle_draw.py -> /home/pavlo/g06_prii3_ws/build/g06_prii3_turtlesim/build/lib/g06_prii3_turtlesim
[0.457s] copying g06_prii3_turtlesim/__init__.py -> /home/pavlo/g06_prii3_ws/build/g06_prii3_turtlesim/build/lib/g06_prii3_turtlesim
[0.457s] copying g06_prii3_turtlesim/turtle_service.py -> /home/pavlo/g06_prii3_ws/build/g06_prii3_turtlesim/build/lib/g06_prii3_turtlesim
[0.458s] running install
[0.458s] running install_lib
[0.458s] creating /home/pavlo/g06_prii3_ws/install/g06_prii3_turtlesim/lib/python3.8/site-packages/g06_prii3_turtlesim
[0.458s] copying /home/pavlo/g06_prii3_ws/build/g06_prii3_turtlesim/build/lib/g06_prii3_turtlesim/turtle_draw.py -> /home/pavlo/g06_prii3_ws/install/g06_prii3_turtlesim/lib/python3.8/site-packages/g06_prii3_turtlesim
[0.458s] copying /home/pavlo/g06_prii3_ws/build/g06_prii3_turtlesim/build/lib/g06_prii3_turtlesim/__init__.py -> /home/pavlo/g06_prii3_ws/install/g06_prii3_turtlesim/lib/python3.8/site-packages/g06_prii3_turtlesim
[0.458s] copying /home/pavlo/g06_prii3_ws/build/g06_prii3_turtlesim/build/lib/g06_prii3_turtlesim/turtle_service.py -> /home/pavlo/g06_prii3_ws/install/g06_prii3_turtlesim/lib/python3.8/site-packages/g06_prii3_turtlesim
[0.459s] byte-compiling /home/pavlo/g06_prii3_ws/install/g06_prii3_turtlesim/lib/python3.8/site-packages/g06_prii3_turtlesim/turtle_draw.py to turtle_draw.cpython-38.pyc
[0.459s] byte-compiling /home/pavlo/g06_prii3_ws/install/g06_prii3_turtlesim/lib/python3.8/site-packages/g06_prii3_turtlesim/__init__.py to __init__.cpython-38.pyc
[0.460s] byte-compiling /home/pavlo/g06_prii3_ws/install/g06_prii3_turtlesim/lib/python3.8/site-packages/g06_prii3_turtlesim/turtle_service.py to turtle_service.cpython-38.pyc
[0.460s] running install_data
[0.460s] creating /home/pavlo/g06_prii3_ws/install/g06_prii3_turtlesim/share/ament_index
[0.460s] creating /home/pavlo/g06_prii3_ws/install/g06_prii3_turtlesim/share/ament_index/resource_index
[0.460s] creating /home/pavlo/g06_prii3_ws/install/g06_prii3_turtlesim/share/ament_index/resource_index/packages
[0.460s] copying resource/g06_prii3_turtlesim -> /home/pavlo/g06_prii3_ws/install/g06_prii3_turtlesim/share/ament_index/resource_index/packages
[0.460s] copying package.xml -> /home/pavlo/g06_prii3_ws/install/g06_prii3_turtlesim/share/g06_prii3_turtlesim
[0.460s] running install_egg_info
[0.461s] Copying ../../build/g06_prii3_turtlesim/g06_prii3_turtlesim.egg-info to /home/pavlo/g06_prii3_ws/install/g06_prii3_turtlesim/lib/python3.8/site-packages/g06_prii3_turtlesim-0.0.0-py3.8.egg-info
[0.461s] running install_scripts
[0.472s] Installing turtle_draw script to /home/pavlo/g06_prii3_ws/install/g06_prii3_turtlesim/lib/g06_prii3_turtlesim
[0.472s] Installing turtle_service script to /home/pavlo/g06_prii3_ws/install/g06_prii3_turtlesim/lib/g06_prii3_turtlesim
[0.472s] writing list of installed files to '/home/pavlo/g06_prii3_ws/build/g06_prii3_turtlesim/install.log'
[0.484s] Invoked command in '/home/pavlo/g06_prii3_ws/src/g06_prii3_turtlesim' returned '0': PYTHONPATH=/home/pavlo/g06_prii3_ws/build/g06_prii3_turtlesim/prefix_override:/usr/lib/python3/dist-packages/colcon_core/task/python/colcon_distutils_commands:/home/pavlo/g06_prii3_ws/install/g06_prii3_turtlesim/lib/python3.8/site-packages: /usr/bin/python3 -W ignore:setup.py install is deprecated -W ignore:easy_install command is deprecated setup.py egg_info --egg-base ../../build/g06_prii3_turtlesim build --build-base /home/pavlo/g06_prii3_ws/build/g06_prii3_turtlesim/build install --record /home/pavlo/g06_prii3_ws/build/g06_prii3_turtlesim/install.log --install-scripts $base/lib/g06_prii3_turtlesim --single-version-externally-managed install_data
