[0.220s] DEBUG:colcon:Command line arguments: ['/usr/bin/colcon', 'build']
[0.220s] DEBUG:colcon:Parsed command line arguments: Namespace(allow_overriding=[], ament_cmake_args=None, base_paths=['.'], build_base='build', catkin_cmake_args=None, catkin_skip_building_tests=False, cmake_args=None, cmake_clean_cache=False, cmake_clean_first=False, cmake_force_configure=False, cmake_target=None, cmake_target_skip_unavailable=False, continue_on_error=False, event_handlers=None, executor='parallel', ignore_user_meta=False, install_base='install', log_base=None, log_level=None, main=<bound method BuildVerb.main of <colcon_core.verb.build.BuildVerb object at 0x7f8735170070>>, merge_install=False, metas=['./colcon.meta'], mixin=None, mixin_files=None, mixin_verb=('build',), packages_above=None, packages_above_and_dependencies=None, packages_above_depth=None, packages_end=None, packages_ignore=None, packages_ignore_regex=None, packages_select=None, packages_select_build_failed=False, packages_select_by_dep=None, packages_select_regex=None, packages_select_test_failures=False, packages_skip=None, packages_skip_build_finished=False, packages_skip_by_dep=None, packages_skip_regex=None, packages_skip_test_passed=False, packages_skip_up_to=None, packages_start=None, packages_up_to=None, packages_up_to_regex=None, parallel_workers=12, paths=None, symlink_install=False, test_result_base=None, verb_extension=<colcon_core.verb.build.BuildVerb object at 0x7f8735170070>, verb_name='build', verb_parser=<colcon_mixin.mixin.mixin_argument.MixinArgumentDecorator object at 0x7f87350bcaf0>)
[0.339s] Level 1:colcon.colcon_core.package_discovery:discover_packages(colcon_meta) check parameters
[0.339s] Level 1:colcon.colcon_core.package_discovery:discover_packages(recursive) check parameters
[0.339s] Level 1:colcon.colcon_core.package_discovery:discover_packages(ignore) check parameters
[0.339s] Level 1:colcon.colcon_core.package_discovery:discover_packages(path) check parameters
[0.339s] Level 1:colcon.colcon_core.package_discovery:discover_packages(colcon_meta) discover
[0.339s] Level 1:colcon.colcon_core.package_discovery:discover_packages(recursive) discover
[0.339s] INFO:colcon.colcon_core.package_discovery:Crawling recursively for packages in '/home/pavlo/g06_prii3_ws/src'
[0.339s] Level 1:colcon.colcon_core.package_identification:_identify(.) by extensions ['ignore', 'ignore_ament_install']
[0.339s] Level 1:colcon.colcon_core.package_identification:_identify(.) by extension 'ignore'
[0.339s] Level 1:colcon.colcon_core.package_identification:_identify(.) by extension 'ignore_ament_install'
[0.339s] Level 1:colcon.colcon_core.package_identification:_identify(.) by extensions ['colcon_pkg']
[0.339s] Level 1:colcon.colcon_core.package_identification:_identify(.) by extension 'colcon_pkg'
[0.339s] Level 1:colcon.colcon_core.package_identification:_identify(.) by extensions ['colcon_meta']
[0.339s] Level 1:colcon.colcon_core.package_identification:_identify(.) by extension 'colcon_meta'
[0.339s] Level 1:colcon.colcon_core.package_identification:_identify(.) by extensions ['ros']
[0.339s] Level 1:colcon.colcon_core.package_identification:_identify(.) by extension 'ros'
[0.346s] Level 1:colcon.colcon_core.package_identification:_identify(.) by extensions ['cmake', 'python']
[0.346s] Level 1:colcon.colcon_core.package_identification:_identify(.) by extension 'cmake'
[0.346s] Level 1:colcon.colcon_core.package_identification:_identify(.) by extension 'python'
[0.346s] Level 1:colcon.colcon_core.package_identification:_identify(.) by extensions ['python_setup_py']
[0.346s] Level 1:colcon.colcon_core.package_identification:_identify(.) by extension 'python_setup_py'
[0.346s] Level 1:colcon.colcon_core.package_identification:_identify(build) by extensions ['ignore', 'ignore_ament_install']
[0.346s] Level 1:colcon.colcon_core.package_identification:_identify(build) by extension 'ignore'
[0.346s] Level 1:colcon.colcon_core.package_identification:_identify(build) ignored
[0.347s] Level 1:colcon.colcon_core.package_identification:_identify(g01_prii3_turtlesim) by extensions ['ignore', 'ignore_ament_install']
[0.347s] Level 1:colcon.colcon_core.package_identification:_identify(g01_prii3_turtlesim) by extension 'ignore'
[0.347s] Level 1:colcon.colcon_core.package_identification:_identify(g01_prii3_turtlesim) by extension 'ignore_ament_install'
[0.347s] Level 1:colcon.colcon_core.package_identification:_identify(g01_prii3_turtlesim) by extensions ['colcon_pkg']
[0.347s] Level 1:colcon.colcon_core.package_identification:_identify(g01_prii3_turtlesim) by extension 'colcon_pkg'
[0.347s] Level 1:colcon.colcon_core.package_identification:_identify(g01_prii3_turtlesim) by extensions ['colcon_meta']
[0.347s] Level 1:colcon.colcon_core.package_identification:_identify(g01_prii3_turtlesim) by extension 'colcon_meta'
[0.347s] Level 1:colcon.colcon_core.package_identification:_identify(g01_prii3_turtlesim) by extensions ['ros']
[0.347s] Level 1:colcon.colcon_core.package_identification:_identify(g01_prii3_turtlesim) by extension 'ros'
[0.350s] DEBUG:colcon.colcon_core.package_identification:Package 'g01_prii3_turtlesim' with type 'ros.ament_python' and name 'g01_prii3_turtlesim'
[0.350s] Level 1:colcon.colcon_core.package_identification:_identify(install) by extensions ['ignore', 'ignore_ament_install']
[0.350s] Level 1:colcon.colcon_core.package_identification:_identify(install) by extension 'ignore'
[0.350s] Level 1:colcon.colcon_core.package_identification:_identify(install) ignored
[0.350s] Level 1:colcon.colcon_core.package_identification:_identify(log) by extensions ['ignore', 'ignore_ament_install']
[0.350s] Level 1:colcon.colcon_core.package_identification:_identify(log) by extension 'ignore'
[0.350s] Level 1:colcon.colcon_core.package_identification:_identify(log) ignored
[0.350s] Level 1:colcon.colcon_core.package_discovery:discover_packages(recursive) using defaults
[0.350s] Level 1:colcon.colcon_core.package_discovery:discover_packages(ignore) discover
[0.350s] Level 1:colcon.colcon_core.package_discovery:discover_packages(ignore) using defaults
[0.350s] Level 1:colcon.colcon_core.package_discovery:discover_packages(path) discover
[0.350s] Level 1:colcon.colcon_core.package_discovery:discover_packages(path) using defaults
[0.377s] Level 1:colcon.colcon_core.package_discovery:discover_packages(prefix_path) check parameters
[0.377s] Level 1:colcon.colcon_core.package_discovery:discover_packages(prefix_path) discover
[0.380s] DEBUG:colcon.colcon_installed_package_information.package_discovery:Found 256 installed packages in /opt/ros/foxy
[0.381s] Level 1:colcon.colcon_core.package_discovery:discover_packages(prefix_path) using defaults
[0.432s] Level 5:colcon.colcon_core.verb:set package 'g01_prii3_turtlesim' build argument 'cmake_args' from command line to 'None'
[0.432s] Level 5:colcon.colcon_core.verb:set package 'g01_prii3_turtlesim' build argument 'cmake_target' from command line to 'None'
[0.432s] Level 5:colcon.colcon_core.verb:set package 'g01_prii3_turtlesim' build argument 'cmake_target_skip_unavailable' from command line to 'False'
[0.432s] Level 5:colcon.colcon_core.verb:set package 'g01_prii3_turtlesim' build argument 'cmake_clean_cache' from command line to 'False'
[0.432s] Level 5:colcon.colcon_core.verb:set package 'g01_prii3_turtlesim' build argument 'cmake_clean_first' from command line to 'False'
[0.432s] Level 5:colcon.colcon_core.verb:set package 'g01_prii3_turtlesim' build argument 'cmake_force_configure' from command line to 'False'
[0.432s] Level 5:colcon.colcon_core.verb:set package 'g01_prii3_turtlesim' build argument 'ament_cmake_args' from command line to 'None'
[0.432s] Level 5:colcon.colcon_core.verb:set package 'g01_prii3_turtlesim' build argument 'catkin_cmake_args' from command line to 'None'
[0.432s] Level 5:colcon.colcon_core.verb:set package 'g01_prii3_turtlesim' build argument 'catkin_skip_building_tests' from command line to 'False'
[0.432s] DEBUG:colcon.colcon_core.verb:Building package 'g01_prii3_turtlesim' with the following arguments: {'ament_cmake_args': None, 'build_base': '/home/pavlo/g06_prii3_ws/src/build/g01_prii3_turtlesim', 'catkin_cmake_args': None, 'catkin_skip_building_tests': False, 'cmake_args': None, 'cmake_clean_cache': False, 'cmake_clean_first': False, 'cmake_force_configure': False, 'cmake_target': None, 'cmake_target_skip_unavailable': False, 'install_base': '/home/pavlo/g06_prii3_ws/src/install/g01_prii3_turtlesim', 'merge_install': False, 'path': '/home/pavlo/g06_prii3_ws/src/g01_prii3_turtlesim', 'symlink_install': False, 'test_result_base': None}
[0.432s] INFO:colcon.colcon_core.executor:Executing jobs using 'parallel' executor
[0.433s] DEBUG:colcon.colcon_parallel_executor.executor.parallel:run_until_complete
[0.433s] INFO:colcon.colcon_ros.task.ament_python.build:Building ROS package in '/home/pavlo/g06_prii3_ws/src/g01_prii3_turtlesim' with build type 'ament_python'
[0.433s] Level 1:colcon.colcon_core.shell:create_environment_hook('g01_prii3_turtlesim', 'ament_prefix_path')
[0.439s] INFO:colcon.colcon_core.plugin_system:Skipping extension 'colcon_core.shell.bat': Not used on non-Windows systems
[0.439s] INFO:colcon.colcon_core.shell:Creating environment hook '/home/pavlo/g06_prii3_ws/src/install/g01_prii3_turtlesim/share/g01_prii3_turtlesim/hook/ament_prefix_path.ps1'
[0.440s] INFO:colcon.colcon_core.shell:Creating environment descriptor '/home/pavlo/g06_prii3_ws/src/install/g01_prii3_turtlesim/share/g01_prii3_turtlesim/hook/ament_prefix_path.dsv'
[0.441s] INFO:colcon.colcon_core.shell:Creating environment hook '/home/pavlo/g06_prii3_ws/src/install/g01_prii3_turtlesim/share/g01_prii3_turtlesim/hook/ament_prefix_path.sh'
[0.442s] INFO:colcon.colcon_core.shell:Skip shell extension 'powershell' for command environment: Not usable outside of PowerShell
[0.442s] DEBUG:colcon.colcon_core.shell:Skip shell extension 'dsv' for command environment
[0.575s] INFO:colcon.colcon_core.task.python.build:Building Python package in '/home/pavlo/g06_prii3_ws/src/g01_prii3_turtlesim'
[0.575s] INFO:colcon.colcon_core.shell:Skip shell extension 'powershell' for command environment: Not usable outside of PowerShell
[0.575s] DEBUG:colcon.colcon_core.shell:Skip shell extension 'dsv' for command environment
[0.873s] DEBUG:colcon.colcon_core.event_handler.log_command:Invoking command in '/home/pavlo/g06_prii3_ws/src/g01_prii3_turtlesim': PYTHONPATH=/home/pavlo/g06_prii3_ws/src/build/g01_prii3_turtlesim/prefix_override:/usr/lib/python3/dist-packages/colcon_core/task/python/colcon_distutils_commands:/home/pavlo/g06_prii3_ws/src/install/g01_prii3_turtlesim/lib/python3.8/site-packages:${PYTHONPATH} /usr/bin/python3 -W ignore:setup.py install is deprecated -W ignore:easy_install command is deprecated setup.py egg_info --egg-base ../build/g01_prii3_turtlesim build --build-base /home/pavlo/g06_prii3_ws/src/build/g01_prii3_turtlesim/build install --record /home/pavlo/g06_prii3_ws/src/build/g01_prii3_turtlesim/install.log --install-scripts $base/lib/g01_prii3_turtlesim --single-version-externally-managed install_data
[1.046s] DEBUG:colcon.colcon_core.event_handler.log_command:Invoked command in '/home/pavlo/g06_prii3_ws/src/g01_prii3_turtlesim' returned '0': PYTHONPATH=/home/pavlo/g06_prii3_ws/src/build/g01_prii3_turtlesim/prefix_override:/usr/lib/python3/dist-packages/colcon_core/task/python/colcon_distutils_commands:/home/pavlo/g06_prii3_ws/src/install/g01_prii3_turtlesim/lib/python3.8/site-packages:${PYTHONPATH} /usr/bin/python3 -W ignore:setup.py install is deprecated -W ignore:easy_install command is deprecated setup.py egg_info --egg-base ../build/g01_prii3_turtlesim build --build-base /home/pavlo/g06_prii3_ws/src/build/g01_prii3_turtlesim/build install --record /home/pavlo/g06_prii3_ws/src/build/g01_prii3_turtlesim/install.log --install-scripts $base/lib/g01_prii3_turtlesim --single-version-externally-managed install_data
[1.053s] Level 1:colcon.colcon_core.environment:checking '/home/pavlo/g06_prii3_ws/src/install/g01_prii3_turtlesim' for CMake module files
[1.053s] Level 1:colcon.colcon_core.environment:checking '/home/pavlo/g06_prii3_ws/src/install/g01_prii3_turtlesim' for CMake config files
[1.054s] Level 1:colcon.colcon_core.environment:checking '/home/pavlo/g06_prii3_ws/src/install/g01_prii3_turtlesim/lib'
[1.054s] Level 1:colcon.colcon_core.environment:checking '/home/pavlo/g06_prii3_ws/src/install/g01_prii3_turtlesim/bin'
[1.054s] Level 1:colcon.colcon_core.environment:checking '/home/pavlo/g06_prii3_ws/src/install/g01_prii3_turtlesim/lib/pkgconfig/g01_prii3_turtlesim.pc'
[1.054s] Level 1:colcon.colcon_core.environment:checking '/home/pavlo/g06_prii3_ws/src/install/g01_prii3_turtlesim/lib/python3.8/site-packages'
[1.054s] Level 1:colcon.colcon_core.shell:create_environment_hook('g01_prii3_turtlesim', 'pythonpath')
[1.054s] INFO:colcon.colcon_core.shell:Creating environment hook '/home/pavlo/g06_prii3_ws/src/install/g01_prii3_turtlesim/share/g01_prii3_turtlesim/hook/pythonpath.ps1'
[1.054s] INFO:colcon.colcon_core.shell:Creating environment descriptor '/home/pavlo/g06_prii3_ws/src/install/g01_prii3_turtlesim/share/g01_prii3_turtlesim/hook/pythonpath.dsv'
[1.055s] INFO:colcon.colcon_core.shell:Creating environment hook '/home/pavlo/g06_prii3_ws/src/install/g01_prii3_turtlesim/share/g01_prii3_turtlesim/hook/pythonpath.sh'
[1.055s] Level 1:colcon.colcon_core.environment:checking '/home/pavlo/g06_prii3_ws/src/install/g01_prii3_turtlesim/bin'
[1.055s] Level 1:colcon.colcon_core.environment:create_environment_scripts_only(g01_prii3_turtlesim)
[1.055s] INFO:colcon.colcon_core.shell:Creating package script '/home/pavlo/g06_prii3_ws/src/install/g01_prii3_turtlesim/share/g01_prii3_turtlesim/package.ps1'
[1.056s] INFO:colcon.colcon_core.shell:Creating package descriptor '/home/pavlo/g06_prii3_ws/src/install/g01_prii3_turtlesim/share/g01_prii3_turtlesim/package.dsv'
[1.057s] INFO:colcon.colcon_core.shell:Creating package script '/home/pavlo/g06_prii3_ws/src/install/g01_prii3_turtlesim/share/g01_prii3_turtlesim/package.sh'
[1.057s] INFO:colcon.colcon_core.shell:Creating package script '/home/pavlo/g06_prii3_ws/src/install/g01_prii3_turtlesim/share/g01_prii3_turtlesim/package.bash'
[1.058s] INFO:colcon.colcon_core.shell:Creating package script '/home/pavlo/g06_prii3_ws/src/install/g01_prii3_turtlesim/share/g01_prii3_turtlesim/package.zsh'
[1.060s] Level 1:colcon.colcon_core.environment:create_file_with_runtime_dependencies(/home/pavlo/g06_prii3_ws/src/install/g01_prii3_turtlesim/share/colcon-core/packages/g01_prii3_turtlesim)
[1.060s] DEBUG:colcon.colcon_parallel_executor.executor.parallel:closing loop
[1.060s] DEBUG:colcon.colcon_parallel_executor.executor.parallel:loop closed
[1.060s] DEBUG:colcon.colcon_parallel_executor.executor.parallel:run_until_complete finished with '0'
[1.060s] DEBUG:colcon.colcon_core.event_reactor:joining thread
[1.066s] INFO:colcon.colcon_core.plugin_system:Skipping extension 'colcon_notification.desktop_notification.terminal_notifier': Not used on non-Darwin systems
[1.066s] INFO:colcon.colcon_core.plugin_system:Skipping extension 'colcon_notification.desktop_notification.win32': Not used on non-Windows systems
[1.066s] INFO:colcon.colcon_notification.desktop_notification:Sending desktop notification using 'notify2'
[1.083s] DEBUG:colcon.colcon_core.event_reactor:joined thread
[1.083s] INFO:colcon.colcon_core.shell:Creating prefix script '/home/pavlo/g06_prii3_ws/src/install/local_setup.ps1'
[1.084s] INFO:colcon.colcon_core.shell:Creating prefix util module '/home/pavlo/g06_prii3_ws/src/install/_local_setup_util_ps1.py'
[1.086s] INFO:colcon.colcon_core.shell:Creating prefix chain script '/home/pavlo/g06_prii3_ws/src/install/setup.ps1'
[1.088s] INFO:colcon.colcon_core.shell:Creating prefix script '/home/pavlo/g06_prii3_ws/src/install/local_setup.sh'
[1.088s] INFO:colcon.colcon_core.shell:Creating prefix util module '/home/pavlo/g06_prii3_ws/src/install/_local_setup_util_sh.py'
[1.089s] INFO:colcon.colcon_core.shell:Creating prefix chain script '/home/pavlo/g06_prii3_ws/src/install/setup.sh'
[1.090s] INFO:colcon.colcon_core.shell:Creating prefix script '/home/pavlo/g06_prii3_ws/src/install/local_setup.bash'
[1.091s] INFO:colcon.colcon_core.shell:Creating prefix chain script '/home/pavlo/g06_prii3_ws/src/install/setup.bash'
[1.092s] INFO:colcon.colcon_core.shell:Creating prefix script '/home/pavlo/g06_prii3_ws/src/install/local_setup.zsh'
[1.093s] INFO:colcon.colcon_core.shell:Creating prefix chain script '/home/pavlo/g06_prii3_ws/src/install/setup.zsh'
