[0.358s] Invoking command in '/home/pavlo/g06_prii3_ws/src/g06_prii3_turtlesim': PYTHONPATH=/home/pavlo/g06_prii3_ws/build/g06_prii3_turtlesim/prefix_override:/usr/lib/python3/dist-packages/colcon_core/task/python/colcon_distutils_commands:/home/pavlo/g06_prii3_ws/install/g06_prii3_turtlesim/lib/python3.8/site-packages:${PYTHONPATH} /usr/bin/python3 -W ignore:setup.py install is deprecated -W ignore:easy_install command is deprecated setup.py egg_info --egg-base ../../build/g06_prii3_turtlesim build --build-base /home/pavlo/g06_prii3_ws/build/g06_prii3_turtlesim/build install --record /home/pavlo/g06_prii3_ws/build/g06_prii3_turtlesim/install.log --install-scripts $base/lib/g06_prii3_turtlesim --single-version-externally-managed install_data
[0.479s] running egg_info
[0.479s] writing ../../build/g06_prii3_turtlesim/g06_prii3_turtlesim.egg-info/PKG-INFO
[0.479s] writing dependency_links to ../../build/g06_prii3_turtlesim/g06_prii3_turtlesim.egg-info/dependency_links.txt
[0.479s] writing entry points to ../../build/g06_prii3_turtlesim/g06_prii3_turtlesim.egg-info/entry_points.txt
[0.479s] writing requirements to ../../build/g06_prii3_turtlesim/g06_prii3_turtlesim.egg-info/requires.txt
[0.479s] writing top-level names to ../../build/g06_prii3_turtlesim/g06_prii3_turtlesim.egg-info/top_level.txt
[0.499s] reading manifest file '../../build/g06_prii3_turtlesim/g06_prii3_turtlesim.egg-info/SOURCES.txt'
[0.500s] writing manifest file '../../build/g06_prii3_turtlesim/g06_prii3_turtlesim.egg-info/SOURCES.txt'
[0.500s] running build
[0.500s] running build_py
[0.500s] copying g06_prii3_turtlesim/turtle_draw.py -> /home/pavlo/g06_prii3_ws/build/g06_prii3_turtlesim/build/lib/g06_prii3_turtlesim
[0.500s] copying g06_prii3_turtlesim/turtle_service.py -> /home/pavlo/g06_prii3_ws/build/g06_prii3_turtlesim/build/lib/g06_prii3_turtlesim
[0.500s] running install
[0.501s] running install_lib
[0.501s] copying /home/pavlo/g06_prii3_ws/build/g06_prii3_turtlesim/build/lib/g06_prii3_turtlesim/turtle_draw.py -> /home/pavlo/g06_prii3_ws/install/g06_prii3_turtlesim/lib/python3.8/site-packages/g06_prii3_turtlesim
[0.501s] copying /home/pavlo/g06_prii3_ws/build/g06_prii3_turtlesim/build/lib/g06_prii3_turtlesim/turtle_service.py -> /home/pavlo/g06_prii3_ws/install/g06_prii3_turtlesim/lib/python3.8/site-packages/g06_prii3_turtlesim
[0.501s] byte-compiling /home/pavlo/g06_prii3_ws/install/g06_prii3_turtlesim/lib/python3.8/site-packages/g06_prii3_turtlesim/turtle_draw.py to turtle_draw.cpython-38.pyc
[0.503s] byte-compiling /home/pavlo/g06_prii3_ws/install/g06_prii3_turtlesim/lib/python3.8/site-packages/g06_prii3_turtlesim/turtle_service.py to turtle_service.cpython-38.pyc
[0.503s] running install_data
[0.503s] running install_egg_info
[0.504s] removing '/home/pavlo/g06_prii3_ws/install/g06_prii3_turtlesim/lib/python3.8/site-packages/g06_prii3_turtlesim-0.0.0-py3.8.egg-info' (and everything under it)
[0.504s] Copying ../../build/g06_prii3_turtlesim/g06_prii3_turtlesim.egg-info to /home/pavlo/g06_prii3_ws/install/g06_prii3_turtlesim/lib/python3.8/site-packages/g06_prii3_turtlesim-0.0.0-py3.8.egg-info
[0.504s] running install_scripts
[0.515s] Installing turtle_draw script to /home/pavlo/g06_prii3_ws/install/g06_prii3_turtlesim/lib/g06_prii3_turtlesim
[0.515s] Installing turtle_service script to /home/pavlo/g06_prii3_ws/install/g06_prii3_turtlesim/lib/g06_prii3_turtlesim
[0.515s] writing list of installed files to '/home/pavlo/g06_prii3_ws/build/g06_prii3_turtlesim/install.log'
[0.528s] Invoked command in '/home/pavlo/g06_prii3_ws/src/g06_prii3_turtlesim' returned '0': PYTHONPATH=/home/pavlo/g06_prii3_ws/build/g06_prii3_turtlesim/prefix_override:/usr/lib/python3/dist-packages/colcon_core/task/python/colcon_distutils_commands:/home/pavlo/g06_prii3_ws/install/g06_prii3_turtlesim/lib/python3.8/site-packages:${PYTHONPATH} /usr/bin/python3 -W ignore:setup.py install is deprecated -W ignore:easy_install command is deprecated setup.py egg_info --egg-base ../../build/g06_prii3_turtlesim build --build-base /home/pavlo/g06_prii3_ws/build/g06_prii3_turtlesim/build install --record /home/pavlo/g06_prii3_ws/build/g06_prii3_turtlesim/install.log --install-scripts $base/lib/g06_prii3_turtlesim --single-version-externally-managed install_data
