[0.439s] Invoking command in '/home/pavlo/g06_prii3_ws/src/g01_prii3_turtlesim': PYTHONPATH=/home/pavlo/g06_prii3_ws/src/build/g01_prii3_turtlesim/prefix_override:/usr/lib/python3/dist-packages/colcon_core/task/python/colcon_distutils_commands:/home/pavlo/g06_prii3_ws/src/install/g01_prii3_turtlesim/lib/python3.8/site-packages:${PYTHONPATH} /usr/bin/python3 -W ignore:setup.py install is deprecated -W ignore:easy_install command is deprecated setup.py egg_info --egg-base ../build/g01_prii3_turtlesim build --build-base /home/pavlo/g06_prii3_ws/src/build/g01_prii3_turtlesim/build install --record /home/pavlo/g06_prii3_ws/src/build/g01_prii3_turtlesim/install.log --install-scripts $base/lib/g01_prii3_turtlesim --single-version-externally-managed install_data
[0.562s] running egg_info
[0.562s] creating ../build/g01_prii3_turtlesim/g01_prii3_turtlesim.egg-info
[0.562s] writing ../build/g01_prii3_turtlesim/g01_prii3_turtlesim.egg-info/PKG-INFO
[0.563s] writing dependency_links to ../build/g01_prii3_turtlesim/g01_prii3_turtlesim.egg-info/dependency_links.txt
[0.563s] writing entry points to ../build/g01_prii3_turtlesim/g01_prii3_turtlesim.egg-info/entry_points.txt
[0.563s] writing requirements to ../build/g01_prii3_turtlesim/g01_prii3_turtlesim.egg-info/requires.txt
[0.563s] writing top-level names to ../build/g01_prii3_turtlesim/g01_prii3_turtlesim.egg-info/top_level.txt
[0.566s] writing manifest file '../build/g01_prii3_turtlesim/g01_prii3_turtlesim.egg-info/SOURCES.txt'
[0.585s] reading manifest file '../build/g01_prii3_turtlesim/g01_prii3_turtlesim.egg-info/SOURCES.txt'
[0.586s] writing manifest file '../build/g01_prii3_turtlesim/g01_prii3_turtlesim.egg-info/SOURCES.txt'
[0.586s] running build
[0.586s] running build_py
[0.586s] creating /home/pavlo/g06_prii3_ws/src/build/g01_prii3_turtlesim/build
[0.586s] creating /home/pavlo/g06_prii3_ws/src/build/g01_prii3_turtlesim/build/lib
[0.586s] creating /home/pavlo/g06_prii3_ws/src/build/g01_prii3_turtlesim/build/lib/g01_prii3_turtlesim
[0.586s] copying g01_prii3_turtlesim/__init__.py -> /home/pavlo/g06_prii3_ws/src/build/g01_prii3_turtlesim/build/lib/g01_prii3_turtlesim
[0.586s] running install
[0.586s] running install_lib
[0.587s] creating /home/pavlo/g06_prii3_ws/src/install/g01_prii3_turtlesim/lib/python3.8/site-packages/g01_prii3_turtlesim
[0.587s] copying /home/pavlo/g06_prii3_ws/src/build/g01_prii3_turtlesim/build/lib/g01_prii3_turtlesim/__init__.py -> /home/pavlo/g06_prii3_ws/src/install/g01_prii3_turtlesim/lib/python3.8/site-packages/g01_prii3_turtlesim
[0.587s] byte-compiling /home/pavlo/g06_prii3_ws/src/install/g01_prii3_turtlesim/lib/python3.8/site-packages/g01_prii3_turtlesim/__init__.py to __init__.cpython-38.pyc
[0.588s] running install_data
[0.588s] creating /home/pavlo/g06_prii3_ws/src/install/g01_prii3_turtlesim/share/ament_index
[0.588s] creating /home/pavlo/g06_prii3_ws/src/install/g01_prii3_turtlesim/share/ament_index/resource_index
[0.588s] creating /home/pavlo/g06_prii3_ws/src/install/g01_prii3_turtlesim/share/ament_index/resource_index/packages
[0.588s] copying resource/g01_prii3_turtlesim -> /home/pavlo/g06_prii3_ws/src/install/g01_prii3_turtlesim/share/ament_index/resource_index/packages
[0.588s] copying package.xml -> /home/pavlo/g06_prii3_ws/src/install/g01_prii3_turtlesim/share/g01_prii3_turtlesim
[0.588s] running install_egg_info
[0.589s] Copying ../build/g01_prii3_turtlesim/g01_prii3_turtlesim.egg-info to /home/pavlo/g06_prii3_ws/src/install/g01_prii3_turtlesim/lib/python3.8/site-packages/g01_prii3_turtlesim-0.0.0-py3.8.egg-info
[0.589s] running install_scripts
[0.599s] writing list of installed files to '/home/pavlo/g06_prii3_ws/src/build/g01_prii3_turtlesim/install.log'
[0.613s] Invoked command in '/home/pavlo/g06_prii3_ws/src/g01_prii3_turtlesim' returned '0': PYTHONPATH=/home/pavlo/g06_prii3_ws/src/build/g01_prii3_turtlesim/prefix_override:/usr/lib/python3/dist-packages/colcon_core/task/python/colcon_distutils_commands:/home/pavlo/g06_prii3_ws/src/install/g01_prii3_turtlesim/lib/python3.8/site-packages:${PYTHONPATH} /usr/bin/python3 -W ignore:setup.py install is deprecated -W ignore:easy_install command is deprecated setup.py egg_info --egg-base ../build/g01_prii3_turtlesim build --build-base /home/pavlo/g06_prii3_ws/src/build/g01_prii3_turtlesim/build install --record /home/pavlo/g06_prii3_ws/src/build/g01_prii3_turtlesim/install.log --install-scripts $base/lib/g01_prii3_turtlesim --single-version-externally-managed install_data
