[0.358s] Invoking command in '/home/pavlo/g06_prii3_ws/src/g06_prii3_turtlesim': PYTHONPATH=/home/pavlo/g06_prii3_ws/src/build/g06_prii3_turtlesim/prefix_override:/usr/lib/python3/dist-packages/colcon_core/task/python/colcon_distutils_commands:/home/pavlo/g06_prii3_ws/src/install/g06_prii3_turtlesim/lib/python3.8/site-packages:${PYTHONPATH} /usr/bin/python3 -W ignore:setup.py install is deprecated -W ignore:easy_install command is deprecated setup.py egg_info --egg-base ../build/g06_prii3_turtlesim build --build-base /home/pavlo/g06_prii3_ws/src/build/g06_prii3_turtlesim/build install --record /home/pavlo/g06_prii3_ws/src/build/g06_prii3_turtlesim/install.log --install-scripts $base/lib/g06_prii3_turtlesim --single-version-externally-managed install_data
[0.479s] running egg_info
[0.479s] creating ../build/g06_prii3_turtlesim/g06_prii3_turtlesim.egg-info
[0.479s] writing ../build/g06_prii3_turtlesim/g06_prii3_turtlesim.egg-info/PKG-INFO
[0.480s] writing dependency_links to ../build/g06_prii3_turtlesim/g06_prii3_turtlesim.egg-info/dependency_links.txt
[0.480s] writing entry points to ../build/g06_prii3_turtlesim/g06_prii3_turtlesim.egg-info/entry_points.txt
[0.480s] writing requirements to ../build/g06_prii3_turtlesim/g06_prii3_turtlesim.egg-info/requires.txt
[0.480s] writing top-level names to ../build/g06_prii3_turtlesim/g06_prii3_turtlesim.egg-info/top_level.txt
[0.480s] writing manifest file '../build/g06_prii3_turtlesim/g06_prii3_turtlesim.egg-info/SOURCES.txt'
[0.500s] reading manifest file '../build/g06_prii3_turtlesim/g06_prii3_turtlesim.egg-info/SOURCES.txt'
[0.500s] writing manifest file '../build/g06_prii3_turtlesim/g06_prii3_turtlesim.egg-info/SOURCES.txt'
[0.500s] running build
[0.501s] running build_py
[0.501s] creating /home/pavlo/g06_prii3_ws/src/build/g06_prii3_turtlesim/build
[0.501s] creating /home/pavlo/g06_prii3_ws/src/build/g06_prii3_turtlesim/build/lib
[0.501s] creating /home/pavlo/g06_prii3_ws/src/build/g06_prii3_turtlesim/build/lib/g06_prii3_turtlesim
[0.501s] copying g06_prii3_turtlesim/__init__.py -> /home/pavlo/g06_prii3_ws/src/build/g06_prii3_turtlesim/build/lib/g06_prii3_turtlesim
[0.501s] running install
[0.501s] running install_lib
[0.502s] creating /home/pavlo/g06_prii3_ws/src/install/g06_prii3_turtlesim/lib/python3.8/site-packages/g06_prii3_turtlesim
[0.502s] copying /home/pavlo/g06_prii3_ws/src/build/g06_prii3_turtlesim/build/lib/g06_prii3_turtlesim/__init__.py -> /home/pavlo/g06_prii3_ws/src/install/g06_prii3_turtlesim/lib/python3.8/site-packages/g06_prii3_turtlesim
[0.502s] byte-compiling /home/pavlo/g06_prii3_ws/src/install/g06_prii3_turtlesim/lib/python3.8/site-packages/g06_prii3_turtlesim/__init__.py to __init__.cpython-38.pyc
[0.503s] running install_data
[0.503s] creating /home/pavlo/g06_prii3_ws/src/install/g06_prii3_turtlesim/share/ament_index
[0.503s] creating /home/pavlo/g06_prii3_ws/src/install/g06_prii3_turtlesim/share/ament_index/resource_index
[0.503s] creating /home/pavlo/g06_prii3_ws/src/install/g06_prii3_turtlesim/share/ament_index/resource_index/packages
[0.503s] copying resource/g06_prii3_turtlesim -> /home/pavlo/g06_prii3_ws/src/install/g06_prii3_turtlesim/share/ament_index/resource_index/packages
[0.503s] copying package.xml -> /home/pavlo/g06_prii3_ws/src/install/g06_prii3_turtlesim/share/g06_prii3_turtlesim
[0.503s] running install_egg_info
[0.504s] Copying ../build/g06_prii3_turtlesim/g06_prii3_turtlesim.egg-info to /home/pavlo/g06_prii3_ws/src/install/g06_prii3_turtlesim/lib/python3.8/site-packages/g06_prii3_turtlesim-0.0.0-py3.8.egg-info
[0.504s] running install_scripts
[0.515s] writing list of installed files to '/home/pavlo/g06_prii3_ws/src/build/g06_prii3_turtlesim/install.log'
[0.528s] Invoked command in '/home/pavlo/g06_prii3_ws/src/g06_prii3_turtlesim' returned '0': PYTHONPATH=/home/pavlo/g06_prii3_ws/src/build/g06_prii3_turtlesim/prefix_override:/usr/lib/python3/dist-packages/colcon_core/task/python/colcon_distutils_commands:/home/pavlo/g06_prii3_ws/src/install/g06_prii3_turtlesim/lib/python3.8/site-packages:${PYTHONPATH} /usr/bin/python3 -W ignore:setup.py install is deprecated -W ignore:easy_install command is deprecated setup.py egg_info --egg-base ../build/g06_prii3_turtlesim build --build-base /home/pavlo/g06_prii3_ws/src/build/g06_prii3_turtlesim/build install --record /home/pavlo/g06_prii3_ws/src/build/g06_prii3_turtlesim/install.log --install-scripts $base/lib/g06_prii3_turtlesim --single-version-externally-managed install_data
