[0.363s] Invoking command in '/home/pavlo/g06_prii3_ws/src/g06_prii3_turtlesim': PYTHONPATH=/home/pavlo/g06_prii3_ws/build/g06_prii3_turtlesim/prefix_override:/usr/lib/python3/dist-packages/colcon_core/task/python/colcon_distutils_commands:/home/pavlo/g06_prii3_ws/install/g06_prii3_turtlesim/lib/python3.8/site-packages:${PYTHONPATH} /usr/bin/python3 -W ignore:setup.py install is deprecated -W ignore:easy_install command is deprecated setup.py egg_info --egg-base ../../build/g06_prii3_turtlesim build --build-base /home/pavlo/g06_prii3_ws/build/g06_prii3_turtlesim/build install --record /home/pavlo/g06_prii3_ws/build/g06_prii3_turtlesim/install.log --install-scripts $base/lib/g06_prii3_turtlesim --single-version-externally-managed install_data
[0.486s] running egg_info
[0.486s] writing ../../build/g06_prii3_turtlesim/g06_prii3_turtlesim.egg-info/PKG-INFO
[0.486s] writing dependency_links to ../../build/g06_prii3_turtlesim/g06_prii3_turtlesim.egg-info/dependency_links.txt
[0.486s] writing entry points to ../../build/g06_prii3_turtlesim/g06_prii3_turtlesim.egg-info/entry_points.txt
[0.486s] writing requirements to ../../build/g06_prii3_turtlesim/g06_prii3_turtlesim.egg-info/requires.txt
[0.486s] writing top-level names to ../../build/g06_prii3_turtlesim/g06_prii3_turtlesim.egg-info/top_level.txt
[0.507s] reading manifest file '../../build/g06_prii3_turtlesim/g06_prii3_turtlesim.egg-info/SOURCES.txt'
[0.507s] writing manifest file '../../build/g06_prii3_turtlesim/g06_prii3_turtlesim.egg-info/SOURCES.txt'
[0.507s] running build
[0.507s] running build_py
[0.508s] running install
[0.508s] running install_lib
[0.509s] running install_data
[0.509s] creating /home/pavlo/g06_prii3_ws/install/g06_prii3_turtlesim/share/g06_prii3_turtlesim/launch
[0.509s] copying launch/turtle.launch.py -> /home/pavlo/g06_prii3_ws/install/g06_prii3_turtlesim/share/g06_prii3_turtlesim/launch
[0.509s] running install_egg_info
[0.510s] removing '/home/pavlo/g06_prii3_ws/install/g06_prii3_turtlesim/lib/python3.8/site-packages/g06_prii3_turtlesim-0.0.0-py3.8.egg-info' (and everything under it)
[0.510s] Copying ../../build/g06_prii3_turtlesim/g06_prii3_turtlesim.egg-info to /home/pavlo/g06_prii3_ws/install/g06_prii3_turtlesim/lib/python3.8/site-packages/g06_prii3_turtlesim-0.0.0-py3.8.egg-info
[0.510s] running install_scripts
[0.521s] Installing turtle_draw script to /home/pavlo/g06_prii3_ws/install/g06_prii3_turtlesim/lib/g06_prii3_turtlesim
[0.521s] Installing turtle_service script to /home/pavlo/g06_prii3_ws/install/g06_prii3_turtlesim/lib/g06_prii3_turtlesim
[0.521s] writing list of installed files to '/home/pavlo/g06_prii3_ws/build/g06_prii3_turtlesim/install.log'
[0.535s] Invoked command in '/home/pavlo/g06_prii3_ws/src/g06_prii3_turtlesim' returned '0': PYTHONPATH=/home/pavlo/g06_prii3_ws/build/g06_prii3_turtlesim/prefix_override:/usr/lib/python3/dist-packages/colcon_core/task/python/colcon_distutils_commands:/home/pavlo/g06_prii3_ws/install/g06_prii3_turtlesim/lib/python3.8/site-packages:${PYTHONPATH} /usr/bin/python3 -W ignore:setup.py install is deprecated -W ignore:easy_install command is deprecated setup.py egg_info --egg-base ../../build/g06_prii3_turtlesim build --build-base /home/pavlo/g06_prii3_ws/build/g06_prii3_turtlesim/build install --record /home/pavlo/g06_prii3_ws/build/g06_prii3_turtlesim/install.log --install-scripts $base/lib/g06_prii3_turtlesim --single-version-externally-managed install_data
