[0.373s] Invoking command in '/home/pavlo/g06_prii3_ws/src/g06_prii3_turtlesim': PYTHONPATH=/home/pavlo/g06_prii3_ws/build/g06_prii3_turtlesim/prefix_override:/usr/lib/python3/dist-packages/colcon_core/task/python/colcon_distutils_commands:/home/pavlo/g06_prii3_ws/install/g06_prii3_turtlesim/lib/python3.8/site-packages:${PYTHONPATH} /usr/bin/python3 -W ignore:setup.py install is deprecated -W ignore:easy_install command is deprecated setup.py egg_info --egg-base ../../build/g06_prii3_turtlesim build --build-base /home/pavlo/g06_prii3_ws/build/g06_prii3_turtlesim/build install --record /home/pavlo/g06_prii3_ws/build/g06_prii3_turtlesim/install.log --install-scripts $base/lib/g06_prii3_turtlesim --single-version-externally-managed install_data
[0.495s] running egg_info
[0.495s] writing ../../build/g06_prii3_turtlesim/g06_prii3_turtlesim.egg-info/PKG-INFO
[0.495s] writing dependency_links to ../../build/g06_prii3_turtlesim/g06_prii3_turtlesim.egg-info/dependency_links.txt
[0.495s] writing entry points to ../../build/g06_prii3_turtlesim/g06_prii3_turtlesim.egg-info/entry_points.txt
[0.495s] writing requirements to ../../build/g06_prii3_turtlesim/g06_prii3_turtlesim.egg-info/requires.txt
[0.495s] writing top-level names to ../../build/g06_prii3_turtlesim/g06_prii3_turtlesim.egg-info/top_level.txt
[0.516s] reading manifest file '../../build/g06_prii3_turtlesim/g06_prii3_turtlesim.egg-info/SOURCES.txt'
[0.516s] writing manifest file '../../build/g06_prii3_turtlesim/g06_prii3_turtlesim.egg-info/SOURCES.txt'
[0.516s] running build
[0.516s] running build_py
[0.516s] copying g06_prii3_turtlesim/turtle_draw.py -> /home/pavlo/g06_prii3_ws/build/g06_prii3_turtlesim/build/lib/g06_prii3_turtlesim
[0.517s] running install
[0.517s] running install_lib
[0.517s] copying /home/pavlo/g06_prii3_ws/build/g06_prii3_turtlesim/build/lib/g06_prii3_turtlesim/turtle_draw.py -> /home/pavlo/g06_prii3_ws/install/g06_prii3_turtlesim/lib/python3.8/site-packages/g06_prii3_turtlesim
[0.518s] byte-compiling /home/pavlo/g06_prii3_ws/install/g06_prii3_turtlesim/lib/python3.8/site-packages/g06_prii3_turtlesim/turtle_draw.py to turtle_draw.cpython-38.pyc
[0.519s] running install_data
[0.519s] running install_egg_info
[0.520s] removing '/home/pavlo/g06_prii3_ws/install/g06_prii3_turtlesim/lib/python3.8/site-packages/g06_prii3_turtlesim-0.0.0-py3.8.egg-info' (and everything under it)
[0.520s] Copying ../../build/g06_prii3_turtlesim/g06_prii3_turtlesim.egg-info to /home/pavlo/g06_prii3_ws/install/g06_prii3_turtlesim/lib/python3.8/site-packages/g06_prii3_turtlesim-0.0.0-py3.8.egg-info
[0.520s] running install_scripts
[0.531s] Installing turtle_draw script to /home/pavlo/g06_prii3_ws/install/g06_prii3_turtlesim/lib/g06_prii3_turtlesim
[0.531s] Installing turtle_service script to /home/pavlo/g06_prii3_ws/install/g06_prii3_turtlesim/lib/g06_prii3_turtlesim
[0.531s] writing list of installed files to '/home/pavlo/g06_prii3_ws/build/g06_prii3_turtlesim/install.log'
[0.545s] Invoked command in '/home/pavlo/g06_prii3_ws/src/g06_prii3_turtlesim' returned '0': PYTHONPATH=/home/pavlo/g06_prii3_ws/build/g06_prii3_turtlesim/prefix_override:/usr/lib/python3/dist-packages/colcon_core/task/python/colcon_distutils_commands:/home/pavlo/g06_prii3_ws/install/g06_prii3_turtlesim/lib/python3.8/site-packages:${PYTHONPATH} /usr/bin/python3 -W ignore:setup.py install is deprecated -W ignore:easy_install command is deprecated setup.py egg_info --egg-base ../../build/g06_prii3_turtlesim build --build-base /home/pavlo/g06_prii3_ws/build/g06_prii3_turtlesim/build install --record /home/pavlo/g06_prii3_ws/build/g06_prii3_turtlesim/install.log --install-scripts $base/lib/g06_prii3_turtlesim --single-version-externally-managed install_data
